\BOOKMARK [1][-]{section.1}{Kazalo pesmi}{}% 1
\BOOKMARK [1][-]{section.2}{Kazalo avtorjev}{}% 2
\BOOKMARK [2][-]{song1-1.2}{1. Afrika}{section.2}% 3
\BOOKMARK [2][-]{song1-2.2}{2. Dan za}{section.2}% 4
\BOOKMARK [2][-]{song1-3.2}{3. Ekolo\235ki manifest}{section.2}% 5
\BOOKMARK [2][-]{song1-4.2}{4. Fantasticnih 5}{section.2}% 6
\BOOKMARK [2][-]{song1-5.2}{5. Ful je zajebano}{section.2}% 7
\BOOKMARK [2][-]{song1-6.2}{6. Jebejo nas}{section.2}% 8
\BOOKMARK [2][-]{song1-7.2}{7. Je\236ek}{section.2}% 9
\BOOKMARK [2][-]{song1-8.2}{8. Kam gre\235 \(Slovenija\)?}{section.2}% 10
\BOOKMARK [2][-]{song1-9.2}{9. Kauboj iz Ljubljane}{section.2}% 11
\BOOKMARK [2][-]{song1-10.2}{10. Petminutni nic}{section.2}% 12
\BOOKMARK [2][-]{song1-11.2}{11. Komercialne pizde}{section.2}% 13
\BOOKMARK [2][-]{song1-12.2}{12. Levi pas}{section.2}% 14
\BOOKMARK [2][-]{song1-13.2}{13. Lipe cvetejo}{section.2}% 15
\BOOKMARK [2][-]{song1-14.2}{14. Lovehalla}{section.2}% 16
\BOOKMARK [2][-]{song1-15.2}{15. Ma naj bo \235trom}{section.2}% 17
\BOOKMARK [2][-]{song1-16.2}{16. Marihuana reggae}{section.2}% 18
\BOOKMARK [2][-]{song1-17.2}{17. Mati nas pretepa}{section.2}% 19
\BOOKMARK [2][-]{song1-18.2}{18. Medvedi}{section.2}% 20
\BOOKMARK [2][-]{song1-19.2}{19. Nocoj}{section.2}% 21
\BOOKMARK [2][-]{song1-20.2}{20. Pot v f\(x\)}{section.2}% 22
\BOOKMARK [2][-]{song1-21.2}{21. Ro\236ica}{section.2}% 23
\BOOKMARK [2][-]{song1-22.2}{22. Slovanskega naroda sin}{section.2}% 24
\BOOKMARK [2][-]{song1-23.2}{23. Taliban reggae}{section.2}% 25
\BOOKMARK [2][-]{song1-24.2}{24. Tanz mit uns}{section.2}% 26
\BOOKMARK [2][-]{song1-25.2}{25. Vladimir Benzen}{section.2}% 27
\BOOKMARK [2][-]{song1-26.2}{26. Ce bi le imela penis}{section.2}% 28
\BOOKMARK [2][-]{song1-27.2}{27. Creva na plot}{section.2}% 29
\BOOKMARK [2][-]{song1-28.2}{28. Za Metoda Gori\235}{section.2}% 30
